0 info it worked if it ends with ok
1 verbose cli [ 'C:\\Program Files (x86)\\nodejs\\node.exe',
1 verbose cli   'C:\\Program Files (x86)\\nodejs\\node_modules\\npm\\bin\\npm-cli.js',
1 verbose cli   'publish' ]
2 info using npm@3.10.10
3 info using node@v7.3.0
4 verbose publish [ '.' ]
5 silly cache add args [ '.', null ]
6 verbose cache add spec .
7 silly cache add parsed spec Result {
7 silly cache add   raw: '.',
7 silly cache add   scope: null,
7 silly cache add   escapedName: null,
7 silly cache add   name: null,
7 silly cache add   rawSpec: '.',
7 silly cache add   spec: 'D:\\Code\\hexo-tag-post-link',
7 silly cache add   type: 'directory' }
8 verbose addLocalDirectory C:\Users\rijiang\AppData\Roaming\npm-cache\hexo-tag-post-link\1.0.0\package.tgz not in flight; packing
9 verbose correctMkdir C:\Users\rijiang\AppData\Roaming\npm-cache correctMkdir not in flight; initializing
10 info lifecycle hexo-tag-post-link@1.0.0~prepublish: hexo-tag-post-link@1.0.0
11 silly lifecycle hexo-tag-post-link@1.0.0~prepublish: no script for prepublish, continuing
12 verbose tar pack [ 'C:\\Users\\rijiang\\AppData\\Roaming\\npm-cache\\hexo-tag-post-link\\1.0.0\\package.tgz',
12 verbose tar pack   'D:\\Code\\hexo-tag-post-link' ]
13 verbose tarball C:\Users\rijiang\AppData\Roaming\npm-cache\hexo-tag-post-link\1.0.0\package.tgz
14 verbose folder D:\Code\hexo-tag-post-link
15 verbose addLocalTarball adding from inside cache C:\Users\rijiang\AppData\Roaming\npm-cache\hexo-tag-post-link\1.0.0\package.tgz
16 verbose correctMkdir C:\Users\rijiang\AppData\Roaming\npm-cache correctMkdir not in flight; initializing
17 silly cache afterAdd hexo-tag-post-link@1.0.0
18 verbose afterAdd C:\Users\rijiang\AppData\Roaming\npm-cache\hexo-tag-post-link\1.0.0\package\package.json not in flight; writing
19 verbose correctMkdir C:\Users\rijiang\AppData\Roaming\npm-cache correctMkdir not in flight; initializing
20 verbose afterAdd C:\Users\rijiang\AppData\Roaming\npm-cache\hexo-tag-post-link\1.0.0\package\package.json written
21 silly publish { name: 'hexo-tag-post-link',
21 silly publish   version: '1.0.0',
21 silly publish   description: 'A hexo tag plugin for inserting post link in your post.',
21 silly publish   main: 'index.js',
21 silly publish   scripts: { test: 'echo "Error: no test specified" && exit 1' },
21 silly publish   repository:
21 silly publish    { type: 'git',
21 silly publish      url: 'git+https://github.com/r12f/hexo-tag-post-link.git' },
21 silly publish   keywords:
21 silly publish    [ 'hexo',
21 silly publish      'blog',
21 silly publish      'tag',
21 silly publish      'post',
21 silly publish      'link',
21 silly publish      'postlink',
21 silly publish      'post-link',
21 silly publish      'permalink',
21 silly publish      '固定链接' ],
21 silly publish   author: { name: 'r12f' },
21 silly publish   license: 'BSD-3-Clause',
21 silly publish   bugs: { url: 'https://github.com/r12f/hexo-tag-post-link/issues' },
21 silly publish   homepage: 'https://github.com/r12f/hexo-tag-post-link#readme',
21 silly publish   dependencies: { underscore: '^1.8.3' },
21 silly publish   readme: '# hexo-tag-post-link\r\n\r\n[![npm version](https://badge.fury.io/js/hexo-tag-post-link.svg)](http://badge.fury.io/js/hexo-tag-post-link)\r\n\r\nA hexo tag plugin for inserting post link in your posts with your own format.\r\n\r\n## Installation\r\n\r\n``` bash\r\n$ npm install hexo-tag-post-link --save\r\n```\r\n\r\n## Usage\r\n\r\n1. Create "post_link.ymal" in your "_source/_data" folder\r\n2. Add your own post link format in ymal\r\n   ```\r\n   name: format\r\n   ```\r\n\r\n   Example\r\n   ```\r\n   header: <b>The link to this post: </b><a href="<%= post_permalink %>" target="_blank"><%= post_title %></a>\r\n   ```\r\n\r\n3. Add post link tag to wherever you like in your post\r\n   ```\r\n   {% post_link <name> %}\r\n   ```\r\n   Example:\r\n   ```\r\n   {% post_link header %}\r\n   ```\r\n\r\n## Supported Variables:\r\n\r\n* site_title\r\n* site_subtitle\r\n* site_description\r\n* site_author\r\n* site_url\r\n* post_title\r\n* post_created\r\n* post_created_date\r\n* post_created_time\r\n* post_updated\r\n* post_updated_date\r\n* post_updated_time\r\n* post_relative_url\r\n* post_permalink\r\n\r\n## License\r\n\r\nBSD v3\r\n',
21 silly publish   readmeFilename: 'README.md',
21 silly publish   gitHead: '65fb0e212f0afda3cea27027877a0bc4ab4a35fa',
21 silly publish   _id: 'hexo-tag-post-link@1.0.0',
21 silly publish   _shasum: '8c0a84d08e48d647b018b674fb1696e370bb51dc',
21 silly publish   _from: '.' }
22 verbose getPublishConfig undefined
23 silly mapToRegistry name hexo-tag-post-link
24 silly mapToRegistry using default registry
25 silly mapToRegistry registry https://registry.npmjs.org/
26 silly mapToRegistry data Result {
26 silly mapToRegistry   raw: 'hexo-tag-post-link',
26 silly mapToRegistry   scope: null,
26 silly mapToRegistry   escapedName: 'hexo-tag-post-link',
26 silly mapToRegistry   name: 'hexo-tag-post-link',
26 silly mapToRegistry   rawSpec: '',
26 silly mapToRegistry   spec: 'latest',
26 silly mapToRegistry   type: 'tag' }
27 silly mapToRegistry uri https://registry.npmjs.org/hexo-tag-post-link
28 verbose publish registryBase https://registry.npmjs.org/
29 silly publish uploading C:\Users\rijiang\AppData\Roaming\npm-cache\hexo-tag-post-link\1.0.0\package.tgz
30 verbose request uri https://registry.npmjs.org/hexo-tag-post-link
31 verbose request sending authorization for write operation
32 info attempt registry request try #1 at 9:26:16 AM
33 verbose request using bearer token for auth
34 verbose request id 72e726b39b1722bd
35 http request PUT https://registry.npmjs.org/hexo-tag-post-link
36 http 403 https://registry.npmjs.org/hexo-tag-post-link
37 verbose headers { 'content-type': 'application/json',
37 verbose headers   'cache-control': 'max-age=300',
37 verbose headers   'content-length': '95',
37 verbose headers   'accept-ranges': 'bytes',
37 verbose headers   date: 'Fri, 03 Feb 2017 17:26:14 GMT',
37 verbose headers   via: '1.1 varnish',
37 verbose headers   connection: 'keep-alive',
37 verbose headers   'x-served-by': 'cache-sea1050-SEA',
37 verbose headers   'x-cache': 'MISS',
37 verbose headers   'x-cache-hits': '0',
37 verbose headers   'x-timer': 'S1486142774.125926,VS0,VE252',
37 verbose headers   vary: 'Accept-Encoding' }
38 verbose request invalidating C:\Users\rijiang\AppData\Roaming\npm-cache\registry.npmjs.org\hexo-tag-post-link on PUT
39 error publish Failed PUT 403
40 verbose stack Error: "You cannot publish over the previously published version 1.0.0." : hexo-tag-post-link
40 verbose stack     at makeError (C:\Program Files (x86)\nodejs\node_modules\npm\node_modules\npm-registry-client\lib\request.js:302:12)
40 verbose stack     at CachingRegistryClient.<anonymous> (C:\Program Files (x86)\nodejs\node_modules\npm\node_modules\npm-registry-client\lib\request.js:290:14)
40 verbose stack     at Request._callback (C:\Program Files (x86)\nodejs\node_modules\npm\node_modules\npm-registry-client\lib\request.js:210:14)
40 verbose stack     at Request.self.callback (C:\Program Files (x86)\nodejs\node_modules\npm\node_modules\request\request.js:187:22)
40 verbose stack     at emitTwo (events.js:106:13)
40 verbose stack     at Request.emit (events.js:191:7)
40 verbose stack     at Request.<anonymous> (C:\Program Files (x86)\nodejs\node_modules\npm\node_modules\request\request.js:1048:10)
40 verbose stack     at emitOne (events.js:96:13)
40 verbose stack     at Request.emit (events.js:188:7)
40 verbose stack     at IncomingMessage.<anonymous> (C:\Program Files (x86)\nodejs\node_modules\npm\node_modules\request\request.js:969:12)
41 verbose statusCode 403
42 verbose pkgid hexo-tag-post-link
43 verbose cwd D:\Code\hexo-tag-post-link
44 error Windows_NT 10.0.15027
45 error argv "C:\\Program Files (x86)\\nodejs\\node.exe" "C:\\Program Files (x86)\\nodejs\\node_modules\\npm\\bin\\npm-cli.js" "publish"
46 error node v7.3.0
47 error npm  v3.10.10
48 error code E403
49 error "You cannot publish over the previously published version 1.0.0." : hexo-tag-post-link
50 error If you need help, you may report this error at:
50 error     <https://github.com/npm/npm/issues>
51 verbose exit [ 1, true ]
